#
# A fatal error has been detected by the Java Runtime Environment:
#
#  EXCEPTION_ACCESS_VIOLATION (0xc0000005) at pc=0x00000000727548db, pid=16120, tid=0x0000000000003938
#
# JRE version: Java(TM) SE Runtime Environment (8.0_151-b12) (build 1.8.0_151-b12)
# Java VM: Java HotSpot(TM) 64-Bit Server VM (25.151-b12 mixed mode windows-amd64 compressed oops)
# Problematic frame:
# V  [jvm.dll+0x1148db]
#
# Failed to write core dump. Minidumps are not enabled by default on client versions of Windows
#
# If you would like to submit a bug report, please visit:
#   http://bugreport.java.com/bugreport/crash.jsp
#

---------------  T H R E A D  ---------------

Current thread (0x00000000027fb800):  GCTaskThread [stack: 0x0000000052d40000,0x0000000052e40000] [id=14648]

siginfo: ExceptionCode=0xc0000005, reading address 0x0000000001680198

Registers:
RAX=0x0000000052e40000, RBX=0x00000006c4c5ae20, RCX=0x0000000000000003, RDX=0x0000000000000001
RSP=0x0000000052e3f810, RBP=0x00000006c4c5ee1c, RSI=0x00000000028cb620, RDI=0x00000000028cb620
R8 =0x0000000001680190, R9 =0x00000007c0017910, R10=0x000000000000000c, R11=0x0000000072c41f88
R12=0x00000006c4c5ee20, R13=0x00000007c0017e30, R14=0x00000007c0017e38, R15=0x00000006c4c5ee08
RIP=0x00000000727548db, EFLAGS=0x0000000000010206

Top of Stack: (sp=0x0000000052e3f810)
0x0000000052e3f810:   00000007c0017910 00000006c4c5edbc
0x0000000052e3f820:   0000000000000003 000000007285d1e2
0x0000000052e3f830:   0000000000000000 00000000027fbef0
0x0000000052e3f840:   00000000027ed4e0 0000000000000003
0x0000000052e3f850:   00000000000004d9 0000000072a37b50
0x0000000052e3f860:   000000005c881708 0000000000000000
0x0000000052e3f870:   00000000028cb620 0000000072c94438
0x0000000052e3f880:   00000006c7a5fae8 0000000072a3bc78
0x0000000052e3f890:   0000000072e5d850 0000000000000003
0x0000000052e3f8a0:   0000000600000400 0000041d00000752
0x0000000052e3f8b0:   00000006c7040e60 0000000072754976
0x0000000052e3f8c0:   00000006c7a5fae8 00000000027ed4e0
0x0000000052e3f8d0:   00000000027fbf00 00000000027fbef0
0x0000000052e3f8e0:   0000000072c94438 0000000000000003
0x0000000052e3f8f0:   0000000064d9adf0 0000000000000000
0x0000000052e3f900:   00000000028cb620 0000000072a3557f 

Instructions: (pc=0x00000000727548db)
0x00000000727548bb:   6f 00 84 d2 74 16 44 8b 43 08 8b 0d dd ce 68 00
0x00000000727548cb:   49 d3 e0 4c 03 05 cb ce 68 00 eb 04 4c 8b 43 08
0x00000000727548db:   45 8b 48 08 45 85 c9 7e 0c 41 f6 c1 01 75 4b 41
0x00000000727548eb:   c1 f9 03 eb 57 79 43 84 d2 41 8b c9 b8 10 00 00 


Register to memory mapping:

RAX=0x0000000052e40000 is an unknown value
RBX=0x00000006c4c5ae20 is pointing into object: 0x00000006c4c5ae10
[C 
 - klass: {type array char}
 - length: 13
RCX=0x0000000000000003 is an unknown value
RDX=0x0000000000000001 is an unknown value
RSP=0x0000000052e3f810 is an unknown value
RBP=0x00000006c4c5ee1c is pointing into object: 0x00000006c4c5ee08
java.util.ArrayList 
 - klass: 'java/util/ArrayList'
RSI=0x00000000028cb620 is an unknown value
RDI=0x00000000028cb620 is an unknown value
R8 =0x0000000001680190 is an unknown value
R9 =0x00000007c0017910 is pointing into metadata
R10=0x000000000000000c is an unknown value
R11=0x0000000072c41f88 is an unknown value
R12=0x00000006c4c5ee20 is an oop
[Ljava.lang.Object; 
 - klass: 'java/lang/Object'[]
 - length: 10
R13=0x00000007c0017e30 is pointing into metadata
R14=0x00000007c0017e38 is pointing into metadata
R15=0x00000006c4c5ee08 is an oop
java.util.ArrayList 
 - klass: 'java/util/ArrayList'


Stack: [0x0000000052d40000,0x0000000052e40000],  sp=0x0000000052e3f810,  free space=1022k
Native frames: (J=compiled Java code, j=interpreted, Vv=VM code, C=native code)
V  [jvm.dll+0x1148db]
V  [jvm.dll+0x3f7b50]
V  [jvm.dll+0x3f557f]
V  [jvm.dll+0x3f2a0e]
V  [jvm.dll+0x29c3ea]
C  [msvcr100.dll+0x21d9f]
C  [msvcr100.dll+0x21e3b]
C  [KERNEL32.DLL+0x14034]
C  [ntdll.dll+0x73691]


---------------  P R O C E S S  ---------------

Java Threads: ( => current thread )
  0x0000000064e41800 JavaThread "D3D Screen Updater" daemon [_thread_blocked, id=13496, stack(0x00000002bfff0000,0x00000002ffff0000)]
  0x000000005d77a000 JavaThread "AWT-EventQueue-0" [_thread_blocked, id=10812, stack(0x000000027fff0000,0x00000002bfff0000)]
  0x000000005d6f1000 JavaThread "AWT-Windows" daemon [_thread_blocked, id=17700, stack(0x000000023fff0000,0x000000027fff0000)]
  0x000000005d6ff800 JavaThread "AWT-Shutdown" [_thread_blocked, id=8944, stack(0x00000001ffff0000,0x000000023fff0000)]
  0x000000005d6ff000 JavaThread "Java2D Disposer" daemon [_thread_blocked, id=4720, stack(0x00000001bfff0000,0x00000001ffff0000)]
  0x000000005d421000 JavaThread "Service Thread" daemon [_thread_blocked, id=11544, stack(0x000000017fff0000,0x00000001bfff0000)]
  0x000000005bfc7000 JavaThread "C1 CompilerThread2" daemon [_thread_blocked, id=804, stack(0x000000005d7e0000,0x000000005d8e0000)]
  0x000000005bfc4000 JavaThread "C2 CompilerThread1" daemon [_thread_blocked, id=11232, stack(0x000000005d2e0000,0x000000005d3e0000)]
  0x000000005bf6f000 JavaThread "C2 CompilerThread0" daemon [_thread_blocked, id=276, stack(0x000000005d1e0000,0x000000005d2e0000)]
  0x000000005bf6d800 JavaThread "Attach Listener" daemon [_thread_blocked, id=14948, stack(0x000000013fff0000,0x000000017fff0000)]
  0x000000005bf6a800 JavaThread "Signal Dispatcher" daemon [_thread_blocked, id=12908, stack(0x00000000ffff0000,0x000000013fff0000)]
  0x000000005bf59800 JavaThread "Finalizer" daemon [_thread_blocked, id=16892, stack(0x00000000bfff0000,0x00000000ffff0000)]
  0x00000000028d1000 JavaThread "Reference Handler" daemon [_thread_blocked, id=12600, stack(0x000000007fff0000,0x00000000bfff0000)]
  0x000000000291e000 JavaThread "main" [_thread_blocked, id=6116, stack(0x0000000002920000,0x0000000042920000)]

Other Threads:
  0x000000005bf37000 VMThread [stack: 0x000000005cff0000,0x000000005d0f0000] [id=18116]
  0x000000005d424000 WatcherThread [stack: 0x000000005d8e0000,0x000000005d9e0000] [id=8728]

=>0x00000000027fb800 (exited) GCTaskThread [stack: 0x0000000052d40000,0x0000000052e40000] [id=14648]

VM state:at safepoint (normal execution)

VM Mutex/Monitor currently owned by a thread:  ([mutex/lock_event])
[0x000000000291d4c0] Threads_lock - owner thread: 0x000000005bf37000
[0x000000000291d540] Heap_lock - owner thread: 0x000000000291e000

Heap:
 PSYoungGen      total 1315840K, used 9248K [0x000000076af80000, 0x00000007c0000000, 0x00000007c0000000)
  eden space 1240064K, 0% used [0x000000076af80000,0x000000076af80000,0x00000007b6a80000)
  from space 75776K, 12% used [0x00000007b6a80000,0x00000007b7388000,0x00000007bb480000)
  to   space 75776K, 0% used [0x00000007bb600000,0x00000007bb600000,0x00000007c0000000)
 ParOldGen       total 438784K, used 426571K [0x00000006c0e00000, 0x00000006dba80000, 0x000000076af80000)
  object space 438784K, 97% used [0x00000006c0e00000,0x00000006dae92c30,0x00000006dba80000)
 Metaspace       used 9936K, capacity 10118K, committed 10240K, reserved 1058816K
  class space    used 1118K, capacity 1191K, committed 1280K, reserved 1048576K

Card table byte_map: [0x0000000051ce0000,0x00000000524e0000] byte_map_base: 0x000000004e6d9000

Marking Bits: (ParMarkBitMap*) 0x0000000072e5d850
 Begin Bits: [0x0000000052e40000, 0x0000000056e08000)
 End Bits:   [0x0000000056e08000, 0x000000005add0000)

Polling page: 0x0000000000f20000

CodeCache: size=245760Kb used=4605Kb max_used=4846Kb free=241154Kb
 bounds [0x0000000042920000, 0x0000000042df0000, 0x0000000051920000]
 total_blobs=1675 nmethods=1211 adapters=377
 compilation: enabled

Compilation events (10 events):
Event: 42.748 Thread 0x000000005bfc7000 1392       3       java.awt.image.DataBuffer$1::getData (7 bytes)
Event: 42.748 Thread 0x000000005bfc7000 nmethod 1392 0x0000000042b0b890 code [0x0000000042b0b9e0, 0x0000000042b0bb70]
Event: 42.748 Thread 0x000000005bfc7000 1393       1       sun.awt.image.IntegerInterleavedRaster::getDataStorage (5 bytes)
Event: 42.748 Thread 0x000000005bfc7000 nmethod 1393 0x0000000042c5cf10 code [0x0000000042c5d060, 0x0000000042c5d170]
Event: 42.748 Thread 0x000000005bfc7000 1394       1       sun.awt.image.IntegerInterleavedRaster::getPixelStride (5 bytes)
Event: 42.748 Thread 0x000000005bfc7000 nmethod 1394 0x0000000042ca86d0 code [0x0000000042ca8820, 0x0000000042ca8930]
Event: 42.748 Thread 0x000000005bfc7000 1395       1       sun.awt.image.IntegerInterleavedRaster::getScanlineStride (5 bytes)
Event: 42.748 Thread 0x000000005bfc7000 nmethod 1395 0x0000000042c481d0 code [0x0000000042c48320, 0x0000000042c48430]
Event: 42.781 Thread 0x000000005bfc7000 1396       3       sun.java2d.SurfaceData::getStateTracker (8 bytes)
Event: 42.782 Thread 0x000000005bfc7000 nmethod 1396 0x0000000042c47d90 code [0x0000000042c47f00, 0x0000000042c48128]

GC Heap History (10 events):
Event: 40.959 GC heap after
Heap after GC invocations=79 (full 4):
 PSYoungGen      total 1295360K, used 37472K [0x000000076af80000, 0x00000007bfe00000, 0x00000007c0000000)
  eden space 1211392K, 0% used [0x000000076af80000,0x000000076af80000,0x00000007b4e80000)
  from space 83968K, 44% used [0x00000007b4e80000,0x00000007b7318000,0x00000007ba080000)
  to   space 80384K, 0% used [0x00000007baf80000,0x00000007baf80000,0x00000007bfe00000)
 ParOldGen       total 438784K, used 364011K [0x00000006c0e00000, 0x00000006dba80000, 0x000000076af80000)
  object space 438784K, 82% used [0x00000006c0e00000,0x00000006d717ac30,0x00000006dba80000)
 Metaspace       used 9934K, capacity 10118K, committed 10240K, reserved 1058816K
  class space    used 1118K, capacity 1191K, committed 1280K, reserved 1048576K
}
Event: 41.606 GC heap before
{Heap before GC invocations=80 (full 4):
 PSYoungGen      total 1295360K, used 1248864K [0x000000076af80000, 0x00000007bfe00000, 0x00000007c0000000)
  eden space 1211392K, 100% used [0x000000076af80000,0x00000007b4e80000,0x00000007b4e80000)
  from space 83968K, 44% used [0x00000007b4e80000,0x00000007b7318000,0x00000007ba080000)
  to   space 80384K, 0% used [0x00000007baf80000,0x00000007baf80000,0x00000007bfe00000)
 ParOldGen       total 438784K, used 364011K [0x00000006c0e00000, 0x00000006dba80000, 0x000000076af80000)
  object space 438784K, 82% used [0x00000006c0e00000,0x00000006d717ac30,0x00000006dba80000)
 Metaspace       used 9934K, capacity 10118K, committed 10240K, reserved 1058816K
  class space    used 1118K, capacity 1191K, committed 1280K, reserved 1048576K
Event: 41.625 GC heap after
Heap after GC invocations=80 (full 4):
 PSYoungGen      total 1301504K, used 31616K [0x000000076af80000, 0x00000007bf680000, 0x00000007c0000000)
  eden space 1228800K, 0% used [0x000000076af80000,0x000000076af80000,0x00000007b5f80000)
  from space 72704K, 43% used [0x00000007baf80000,0x00000007bce60000,0x00000007bf680000)
  to   space 77312K, 0% used [0x00000007b5f80000,0x00000007b5f80000,0x00000007bab00000)
 ParOldGen       total 438784K, used 378355K [0x00000006c0e00000, 0x00000006dba80000, 0x000000076af80000)
  object space 438784K, 86% used [0x00000006c0e00000,0x00000006d7f7cc30,0x00000006dba80000)
 Metaspace       used 9934K, capacity 10118K, committed 10240K, reserved 1058816K
  class space    used 1118K, capacity 1191K, committed 1280K, reserved 1048576K
}
Event: 42.282 GC heap before
{Heap before GC invocations=81 (full 4):
 PSYoungGen      total 1301504K, used 1260416K [0x000000076af80000, 0x00000007bf680000, 0x00000007c0000000)
  eden space 1228800K, 100% used [0x000000076af80000,0x00000007b5f80000,0x00000007b5f80000)
  from space 72704K, 43% used [0x00000007baf80000,0x00000007bce60000,0x00000007bf680000)
  to   space 77312K, 0% used [0x00000007b5f80000,0x00000007b5f80000,0x00000007bab00000)
 ParOldGen       total 438784K, used 378355K [0x00000006c0e00000, 0x00000006dba80000, 0x000000076af80000)
  object space 438784K, 86% used [0x00000006c0e00000,0x00000006d7f7cc30,0x00000006dba80000)
 Metaspace       used 9934K, capacity 10118K, committed 10240K, reserved 1058816K
  class space    used 1118K, capacity 1191K, committed 1280K, reserved 1048576K
Event: 42.300 GC heap after
Heap after GC invocations=81 (full 4):
 PSYoungGen      total 1306112K, used 24544K [0x000000076af80000, 0x00000007c0000000, 0x00000007c0000000)
  eden space 1228800K, 0% used [0x000000076af80000,0x000000076af80000,0x00000007b5f80000)
  from space 77312K, 31% used [0x00000007b5f80000,0x00000007b7778000,0x00000007bab00000)
  to   space 75776K, 0% used [0x00000007bb600000,0x00000007bb600000,0x00000007c0000000)
 ParOldGen       total 438784K, used 394147K [0x00000006c0e00000, 0x00000006dba80000, 0x000000076af80000)
  object space 438784K, 89% used [0x00000006c0e00000,0x00000006d8ee8c30,0x00000006dba80000)
 Metaspace       used 9934K, capacity 10118K, committed 10240K, reserved 1058816K
  class space    used 1118K, capacity 1191K, committed 1280K, reserved 1048576K
}
Event: 42.899 GC heap before
{Heap before GC invocations=82 (full 4):
 PSYoungGen      total 1306112K, used 1253344K [0x000000076af80000, 0x00000007c0000000, 0x00000007c0000000)
  eden space 1228800K, 100% used [0x000000076af80000,0x00000007b5f80000,0x00000007b5f80000)
  from space 77312K, 31% used [0x00000007b5f80000,0x00000007b7778000,0x00000007bab00000)
  to   space 75776K, 0% used [0x00000007bb600000,0x00000007bb600000,0x00000007c0000000)
 ParOldGen       total 438784K, used 394147K [0x00000006c0e00000, 0x00000006dba80000, 0x000000076af80000)
  object space 438784K, 89% used [0x00000006c0e00000,0x00000006d8ee8c30,0x00000006dba80000)
 Metaspace       used 9936K, capacity 10118K, committed 10240K, reserved 1058816K
  class space    used 1118K, capacity 1191K, committed 1280K, reserved 1048576K
Event: 42.914 GC heap after
Heap after GC invocations=82 (full 4):
 PSYoungGen      total 1314304K, used 16576K [0x000000076af80000, 0x00000007bfe80000, 0x00000007c0000000)
  eden space 1240064K, 0% used [0x000000076af80000,0x000000076af80000,0x00000007b6a80000)
  from space 74240K, 22% used [0x00000007bb600000,0x00000007bc630000,0x00000007bfe80000)
  to   space 75776K, 0% used [0x00000007b6a80000,0x00000007b6a80000,0x00000007bb480000)
 ParOldGen       total 438784K, used 410075K [0x00000006c0e00000, 0x00000006dba80000, 0x000000076af80000)
  object space 438784K, 93% used [0x00000006c0e00000,0x00000006d9e76c30,0x00000006dba80000)
 Metaspace       used 9936K, capacity 10118K, committed 10240K, reserved 1058816K
  class space    used 1118K, capacity 1191K, committed 1280K, reserved 1048576K
}
Event: 43.588 GC heap before
{Heap before GC invocations=83 (full 4):
 PSYoungGen      total 1314304K, used 1256640K [0x000000076af80000, 0x00000007bfe80000, 0x00000007c0000000)
  eden space 1240064K, 100% used [0x000000076af80000,0x00000007b6a80000,0x00000007b6a80000)
  from space 74240K, 22% used [0x00000007bb600000,0x00000007bc630000,0x00000007bfe80000)
  to   space 75776K, 0% used [0x00000007b6a80000,0x00000007b6a80000,0x00000007bb480000)
 ParOldGen       total 438784K, used 410075K [0x00000006c0e00000, 0x00000006dba80000, 0x000000076af80000)
  object space 438784K, 93% used [0x00000006c0e00000,0x00000006d9e76c30,0x00000006dba80000)
 Metaspace       used 9936K, capacity 10118K, committed 10240K, reserved 1058816K
  class space    used 1118K, capacity 1191K, committed 1280K, reserved 1048576K
Event: 43.602 GC heap after
Heap after GC invocations=83 (full 4):
 PSYoungGen      total 1315840K, used 9248K [0x000000076af80000, 0x00000007c0000000, 0x00000007c0000000)
  eden space 1240064K, 0% used [0x000000076af80000,0x000000076af80000,0x00000007b6a80000)
  from space 75776K, 12% used [0x00000007b6a80000,0x00000007b7388000,0x00000007bb480000)
  to   space 75776K, 0% used [0x00000007bb600000,0x00000007bb600000,0x00000007c0000000)
 ParOldGen       total 438784K, used 426571K [0x00000006c0e00000, 0x00000006dba80000, 0x000000076af80000)
  object space 438784K, 97% used [0x00000006c0e00000,0x00000006dae92c30,0x00000006dba80000)
 Metaspace       used 9936K, capacity 10118K, committed 10240K, reserved 1058816K
  class space    used 1118K, capacity 1191K, committed 1280K, reserved 1048576K
}
Event: 43.602 GC heap before
{Heap before GC invocations=84 (full 5):
 PSYoungGen      total 1315840K, used 9248K [0x000000076af80000, 0x00000007c0000000, 0x00000007c0000000)
  eden space 1240064K, 0% used [0x000000076af80000,0x000000076af80000,0x00000007b6a80000)
  from space 75776K, 12% used [0x00000007b6a80000,0x00000007b7388000,0x00000007bb480000)
  to   space 75776K, 0% used [0x00000007bb600000,0x00000007bb600000,0x00000007c0000000)
 ParOldGen       total 438784K, used 426571K [0x00000006c0e00000, 0x00000006dba80000, 0x000000076af80000)
  object space 438784K, 97% used [0x00000006c0e00000,0x00000006dae92c30,0x00000006dba80000)
 Metaspace       used 9936K, capacity 10118K, committed 10240K, reserved 1058816K
  class space    used 1118K, capacity 1191K, committed 1280K, reserved 1048576K

Deoptimization events (10 events):
Event: 0.969 Thread 0x000000005d77a000 Uncommon trap: reason=array_check action=maybe_recompile pc=0x0000000042c41584 method=java.util.AbstractCollection.toArray([Ljava/lang/Object;)[Ljava/lang/Object; @ 119
Event: 0.969 Thread 0x000000005d77a000 Uncommon trap: reason=array_check action=maybe_recompile pc=0x0000000042c41584 method=java.util.AbstractCollection.toArray([Ljava/lang/Object;)[Ljava/lang/Object; @ 119
Event: 0.969 Thread 0x000000005d77a000 Uncommon trap: reason=array_check action=maybe_recompile pc=0x0000000042c41584 method=java.util.AbstractCollection.toArray([Ljava/lang/Object;)[Ljava/lang/Object; @ 119
Event: 0.969 Thread 0x000000005d77a000 Uncommon trap: reason=array_check action=maybe_recompile pc=0x0000000042c41584 method=java.util.AbstractCollection.toArray([Ljava/lang/Object;)[Ljava/lang/Object; @ 119
Event: 0.970 Thread 0x000000005d77a000 Uncommon trap: reason=array_check action=maybe_recompile pc=0x0000000042c2fd54 method=java.util.AbstractCollection.toArray([Ljava/lang/Object;)[Ljava/lang/Object; @ 119
Event: 0.995 Thread 0x000000005d77a000 Uncommon trap: reason=unstable_if action=reinterpret pc=0x0000000042b4bf68 method=java.lang.CharacterDataLatin1.digit(II)I @ 31
Event: 2.437 Thread 0x000000000291e000 Uncommon trap: reason=unstable_if action=reinterpret pc=0x0000000042c26520 method=java.lang.ThreadLocal$ThreadLocalMap.getEntry(Ljava/lang/ThreadLocal;)Ljava/lang/ThreadLocal$ThreadLocalMap$Entry; @ 21
Event: 2.840 Thread 0x000000005d77a000 Uncommon trap: reason=unstable_if action=reinterpret pc=0x0000000042c5d87c method=java.lang.String.regionMatches(ZILjava/lang/String;II)Z @ 123
Event: 4.446 Thread 0x000000000291e000 Uncommon trap: reason=unstable_if action=reinterpret pc=0x0000000042cec264 method=Main.chooseMove()Ljava/lang/String; @ 113
Event: 10.434 Thread 0x000000000291e000 Uncommon trap: reason=unstable_if action=reinterpret pc=0x0000000042cc6f00 method=MCTS.simulation(LNode;)LNode; @ 93

Internal exceptions (10 events):
Event: 0.052 Thread 0x000000000291e000 Exception <a 'java/lang/NoSuchMethodError': Method sun.misc.Unsafe.prefetchRead(Ljava/lang/Object;J)V name or signature does not match> (0x000000076af87f90) thrown at [C:\re\workspace\8-2-build-windows-amd64-cygwin\jdk8u151\9699\hotspot\src\share\vm\prims
Event: 0.151 Thread 0x000000000291e000 Exception <a 'java/security/PrivilegedActionException'> (0x000000076b00d900) thrown at [C:\re\workspace\8-2-build-windows-amd64-cygwin\jdk8u151\9699\hotspot\src\share\vm\prims\jvm.cpp, line 1390]
Event: 0.151 Thread 0x000000000291e000 Exception <a 'java/security/PrivilegedActionException'> (0x000000076b00db10) thrown at [C:\re\workspace\8-2-build-windows-amd64-cygwin\jdk8u151\9699\hotspot\src\share\vm\prims\jvm.cpp, line 1390]
Event: 0.151 Thread 0x000000000291e000 Exception <a 'java/security/PrivilegedActionException'> (0x000000076b011a20) thrown at [C:\re\workspace\8-2-build-windows-amd64-cygwin\jdk8u151\9699\hotspot\src\share\vm\prims\jvm.cpp, line 1390]
Event: 0.151 Thread 0x000000000291e000 Exception <a 'java/security/PrivilegedActionException'> (0x000000076b011c30) thrown at [C:\re\workspace\8-2-build-windows-amd64-cygwin\jdk8u151\9699\hotspot\src\share\vm\prims\jvm.cpp, line 1390]
Event: 0.161 Thread 0x000000000291e000 Exception <a 'java/io/FileNotFoundException'> (0x000000076b018960) thrown at [C:\re\workspace\8-2-build-windows-amd64-cygwin\jdk8u151\9699\hotspot\src\share\vm\prims\jni.cpp, line 709]
Event: 0.207 Thread 0x000000000291e000 Exception <a 'java/lang/NoSuchFieldError': method resolution failed> (0x000000076b22db68) thrown at [C:\re\workspace\8-2-build-windows-amd64-cygwin\jdk8u151\9699\hotspot\src\share\vm\prims\methodHandles.cpp, line 1146]
Event: 0.211 Thread 0x000000000291e000 Exception <a 'java/lang/NoSuchFieldError': method resolution failed> (0x000000076b23af38) thrown at [C:\re\workspace\8-2-build-windows-amd64-cygwin\jdk8u151\9699\hotspot\src\share\vm\prims\methodHandles.cpp, line 1146]
Event: 0.267 Thread 0x000000000291e000 Exception <a 'java/io/FileNotFoundException'> (0x000000076b31e898) thrown at [C:\re\workspace\8-2-build-windows-amd64-cygwin\jdk8u151\9699\hotspot\src\share\vm\prims\jni.cpp, line 709]
Event: 2.437 Thread 0x000000000291e000 Implicit null exception at 0x0000000042c26480 to 0x0000000042c26501

Events (10 events):
Event: 40.943 Executing VM operation: ParallelGCFailedAllocation
Event: 40.959 Executing VM operation: ParallelGCFailedAllocation done
Event: 41.606 Executing VM operation: ParallelGCFailedAllocation
Event: 41.625 Executing VM operation: ParallelGCFailedAllocation done
Event: 42.282 Executing VM operation: ParallelGCFailedAllocation
Event: 42.300 Executing VM operation: ParallelGCFailedAllocation done
Event: 42.583 Thread 0x000000005bfc7000 flushing nmethod 0x0000000042dc3bd0
Event: 42.899 Executing VM operation: ParallelGCFailedAllocation
Event: 42.914 Executing VM operation: ParallelGCFailedAllocation done
Event: 43.588 Executing VM operation: ParallelGCFailedAllocation


Dynamic libraries:
0x00007ff7dda80000 - 0x00007ff7ddab7000 	C:\Program Files\Java\jdk1.8.0_151\jre\bin\javaw.exe
0x00007ff81a180000 - 0x00007ff81a361000 	C:\WINDOWS\SYSTEM32\ntdll.dll
0x00007ff817ee0000 - 0x00007ff817f91000 	C:\WINDOWS\System32\KERNEL32.DLL
0x00007ff817390000 - 0x00007ff817603000 	C:\WINDOWS\System32\KERNELBASE.dll
0x00007ff817fa0000 - 0x00007ff818041000 	C:\WINDOWS\System32\ADVAPI32.dll
0x00007ff8182c0000 - 0x00007ff81835e000 	C:\WINDOWS\System32\msvcrt.dll
0x00007ff817e80000 - 0x00007ff817edb000 	C:\WINDOWS\System32\sechost.dll
0x00007ff818440000 - 0x00007ff818564000 	C:\WINDOWS\System32\RPCRT4.dll
0x00007ff817610000 - 0x00007ff8177a0000 	C:\WINDOWS\System32\USER32.dll
0x00007ff8171d0000 - 0x00007ff8171f0000 	C:\WINDOWS\System32\win32u.dll
0x00007ff817cf0000 - 0x00007ff817d18000 	C:\WINDOWS\System32\GDI32.dll
0x00007ff816f00000 - 0x00007ff817091000 	C:\WINDOWS\System32\gdi32full.dll
0x00007ff8172f0000 - 0x00007ff81738f000 	C:\WINDOWS\System32\msvcp_win.dll
0x00007ff8171f0000 - 0x00007ff8172e8000 	C:\WINDOWS\System32\ucrtbase.dll
0x00007ff80b480000 - 0x00007ff80b6e9000 	C:\WINDOWS\WinSxS\amd64_microsoft.windows.common-controls_6595b64144ccf1df_6.0.17134.885_none_fb42a3473065565f\COMCTL32.dll
0x00007ff819ad0000 - 0x00007ff819df2000 	C:\WINDOWS\System32\combase.dll
0x00007ff8170a0000 - 0x00007ff817119000 	C:\WINDOWS\System32\bcryptPrimitives.dll
0x00007ff8199b0000 - 0x00007ff8199dd000 	C:\WINDOWS\System32\IMM32.DLL
0x0000000072ee0000 - 0x0000000072fb2000 	C:\Program Files\Java\jdk1.8.0_151\jre\bin\msvcr100.dll
0x0000000072640000 - 0x0000000072edd000 	C:\Program Files\Java\jdk1.8.0_151\jre\bin\server\jvm.dll
0x00007ff818360000 - 0x00007ff818368000 	C:\WINDOWS\System32\PSAPI.DLL
0x00007ff80b6f0000 - 0x00007ff80b6f9000 	C:\WINDOWS\SYSTEM32\WSOCK32.dll
0x00007ff80d220000 - 0x00007ff80d243000 	C:\WINDOWS\SYSTEM32\WINMM.dll
0x00007ff818050000 - 0x00007ff8180bc000 	C:\WINDOWS\System32\WS2_32.dll
0x00007ff80e060000 - 0x00007ff80e06a000 	C:\WINDOWS\SYSTEM32\VERSION.dll
0x00007ff80d290000 - 0x00007ff80d2ba000 	C:\WINDOWS\SYSTEM32\WINMMBASE.dll
0x00007ff816550000 - 0x00007ff816599000 	C:\WINDOWS\System32\cfgmgr32.dll
0x0000000073990000 - 0x000000007399f000 	C:\Program Files\Java\jdk1.8.0_151\jre\bin\verify.dll
0x0000000073960000 - 0x0000000073989000 	C:\Program Files\Java\jdk1.8.0_151\jre\bin\java.dll
0x0000000072620000 - 0x0000000072636000 	C:\Program Files\Java\jdk1.8.0_151\jre\bin\zip.dll
0x00007ff818570000 - 0x00007ff8199b0000 	C:\WINDOWS\System32\SHELL32.dll
0x00007ff818390000 - 0x00007ff818439000 	C:\WINDOWS\System32\shcore.dll
0x00007ff8167f0000 - 0x00007ff816efd000 	C:\WINDOWS\System32\windows.storage.dll
0x00007ff817bf0000 - 0x00007ff817c41000 	C:\WINDOWS\System32\shlwapi.dll
0x00007ff8164e0000 - 0x00007ff8164f1000 	C:\WINDOWS\System32\kernel.appcore.dll
0x00007ff8164c0000 - 0x00007ff8164df000 	C:\WINDOWS\System32\profapi.dll
0x00007ff816500000 - 0x00007ff81654c000 	C:\WINDOWS\System32\powrprof.dll
0x00007ff8164b0000 - 0x00007ff8164ba000 	C:\WINDOWS\System32\FLTLIB.DLL
0x0000000072480000 - 0x0000000072618000 	C:\Program Files\Java\jdk1.8.0_151\jre\bin\awt.dll
0x00007ff81a000000 - 0x00007ff81a0c2000 	C:\WINDOWS\System32\OLEAUT32.dll
0x00007ff814880000 - 0x00007ff81490b000 	C:\WINDOWS\SYSTEM32\apphelp.dll
0x00007ff814aa0000 - 0x00007ff814b38000 	C:\WINDOWS\system32\uxtheme.dll
0x00007ff818120000 - 0x00007ff818293000 	C:\WINDOWS\System32\MSCTF.dll
0x00007ff814bb0000 - 0x00007ff814bd9000 	C:\WINDOWS\system32\dwmapi.dll
0x00007ff817d20000 - 0x00007ff817e71000 	C:\WINDOWS\System32\ole32.dll
0x00007fffed320000 - 0x00007fffed440000 	C:\WINDOWS\system32\opengl32.dll
0x00007ffff8850000 - 0x00007ffff887c000 	C:\WINDOWS\SYSTEM32\GLU32.dll
0x00007fffeca20000 - 0x00007fffecbb7000 	C:\WINDOWS\system32\d3d9.dll
0x00007ff801b00000 - 0x00007ff801cda000 	C:\WINDOWS\System32\DriverStore\FileRepository\c0318486.inf_amd64_11ba0b4b7cc81d52\aticfx64.dll
0x00007fffc0e30000 - 0x00007fffc0e62000 	C:\WINDOWS\System32\DriverStore\FileRepository\c0318486.inf_amd64_11ba0b4b7cc81d52\atiu9p64.dll
0x00007fffc02f0000 - 0x00007fffc0e2c000 	C:\WINDOWS\System32\DriverStore\FileRepository\c0318486.inf_amd64_11ba0b4b7cc81d52\atiumd64.dll
0x0000000073a20000 - 0x00000000746b3000 	C:\WINDOWS\System32\DriverStore\FileRepository\c0318486.inf_amd64_11ba0b4b7cc81d52\atiumd6a.dll
0x00007ff801e90000 - 0x00007ff801eb0000 	C:\WINDOWS\SYSTEM32\amdihk64.dll
0x0000000002900000 - 0x0000000002906000 	C:\WINDOWS\SYSTEM32\detoured.dll
0x0000000072430000 - 0x0000000072477000 	C:\Program Files\Java\jdk1.8.0_151\jre\bin\fontmanager.dll
0x00007ff802580000 - 0x00007ff802616000 	C:\WINDOWS\System32\TextInputFramework.dll
0x00007ff802100000 - 0x00007ff80241e000 	C:\WINDOWS\System32\CoreUIComponents.dll
0x00007ff814680000 - 0x00007ff81475a000 	C:\WINDOWS\System32\CoreMessaging.dll
0x00007ff815560000 - 0x00007ff815591000 	C:\WINDOWS\SYSTEM32\ntmarta.dll
0x00007ff810840000 - 0x00007ff81098d000 	C:\WINDOWS\SYSTEM32\wintypes.dll
0x00007fffc6c60000 - 0x00007fffc6ce3000 	C:\Program Files (x86)\Overwolf\0.131.0.15\OWExplorer.dll
0x00007ff8165a0000 - 0x00007ff816782000 	C:\WINDOWS\System32\CRYPT32.dll
0x00007ff816490000 - 0x00007ff8164a2000 	C:\WINDOWS\System32\MSASN1.dll
0x00007ff811c30000 - 0x00007ff811df9000 	C:\WINDOWS\SYSTEM32\dbghelp.dll
0x00007ff811c00000 - 0x00007ff811c29000 	C:\WINDOWS\SYSTEM32\dbgcore.DLL
0x0000000072410000 - 0x000000007242a000 	C:\Program Files\Java\jdk1.8.0_151\jre\bin\net.dll
0x00007ff815cb0000 - 0x00007ff815d16000 	C:\WINDOWS\system32\mswsock.dll
0x00000000723f0000 - 0x0000000072401000 	C:\Program Files\Java\jdk1.8.0_151\jre\bin\nio.dll
0x00000000723a0000 - 0x00000000723e2000 	C:\Program Files\Java\jdk1.8.0_151\jre\bin\t2k.dll

VM Arguments:
jvm_args: -Xss1024m -Dfile.encoding=Cp1252 
java_command: Main
java_class_path (initial): C:\Users\Zachary Bentsen\OneDrive\workspace\Monte-Carlo-TS\bin
Launcher Type: SUN_STANDARD

Environment Variables:
CLASSPATH=.;C:\Program Files (x86)\QuickTime\QTSystem\QTJava.zip
PATH=C:/Program Files/Java/jre1.8.0_201/bin/server;C:/Program Files/Java/jre1.8.0_201/bin;C:/Program Files/Java/jre1.8.0_201/lib/amd64;C:\Program Files (x86)\Common Files\Oracle\Java\javapath;C:\Program Files (x86)\Razer Chroma SDK\bin;C:\Program Files\Razer Chroma SDK\bin;C:\ProgramData\Oracle\Java\javapath;C:\WINDOWS\system32;C:\WINDOWS;C:\WINDOWS\System32\Wbem;C:\WINDOWS\System32\WindowsPowerShell\v1.0\;C:\Program Files (x86)\ATI Technologies\ATI.ACE\Core-Static;C:\Program Files (x86)\QuickTime\QTSystem\;C:\Program Files (x86)\Brackets\command;C:\WINDOWS\system32\config\systemprofile\AppData\Local\Microsoft\WindowsApps;C:\Program Files (x86)\Skype\Phone\;C:\WINDOWS\system32;C:\WINDOWS;C:\WINDOWS\System32\Wbem;C:\WINDOWS\System32\WindowsPowerShell\v1.0\;C:\Program Files (x86)\GtkSharp\2.12\bin;C:\Program Files\Git\cmd;C:\WINDOWS\System32\OpenSSH\;C:\Program Files\MATLAB\R2018b\bin;C:\Program Files\PuTTY\;C:\Program Files\Java\jdk1.8.0_151\bin;C:\Program Files\dotnet\;C:\Users\Zachary Bentsen\AppData\Local\Microsoft\WindowsApps;C:\Users\Zachary Bentsen\AppData\Local\GitHubDesktop\bin;C:\Users\Zachary Bentsen\Downloads\apache-maven-3.5.3-bin\apache-maven-3.5.3\bin;C:\Users\Zachary Bentsen\AppData\Local\Microsoft\WindowsApps;C:\Users\Zachary Bentsen\AppData\Local\Programs\Python\Python37;C:\Users\Zachary Bentsen\.dotnet\tools;C:\WINDOWS\system32;
USERNAME=Zachary Bentsen
OS=Windows_NT
PROCESSOR_IDENTIFIER=Intel64 Family 6 Model 60 Stepping 3, GenuineIntel



---------------  S Y S T E M  ---------------

OS: Windows 10.0 , 64 bit Build 17134 (10.0.17134.753)

CPU:total 4 (initial active 4) (4 cores per cpu, 1 threads per core) family 6 model 60 stepping 3, cmov, cx8, fxsr, mmx, sse, sse2, sse3, ssse3, sse4.1, sse4.2, popcnt, avx, avx2, aes, clmul, erms, lzcnt, tsc, tscinvbit, bmi1, bmi2

Memory: 4k page, physical 16715980k(5863060k free), swap 36290892k(7535684k free)

vm_info: Java HotSpot(TM) 64-Bit Server VM (25.151-b12) for windows-amd64 JRE (1.8.0_151-b12), built on Sep  5 2017 19:33:46 by "java_re" with MS VC++ 10.0 (VS2010)

time: Tue Jul 16 17:12:15 2019
elapsed time: 43 seconds (0d 0h 0m 43s)

